#
# There is insufficient memory for the Java Runtime Environment to continue.
# Native memory allocation (malloc) failed to allocate 32744 bytes for ChunkPool::allocate
# Possible reasons:
#   The system is out of physical RAM or swap space
#   In 32 bit mode, the process size limit was hit
# Possible solutions:
#   Reduce memory load on the system
#   Increase physical memory or swap space
#   Check if swap backing store is full
#   Use 64 bit Java on a 64 bit OS
#   Decrease Java heap size (-Xmx/-Xms)
#   Decrease number of Java threads
#   Decrease Java thread stack sizes (-Xss)
#   Set larger code cache with -XX:ReservedCodeCacheSize=
# This output file may be truncated or incomplete.
#
#  Out of Memory Error (allocation.cpp:273), pid=8696, tid=0x000000000000293c
#
# JRE version: OpenJDK Runtime Environment (8.0_152-b01) (build 1.8.0_152-release-915-b01)
# Java VM: OpenJDK 64-Bit Server VM (25.152-b01 mixed mode windows-amd64 compressed oops)
# Failed to write core dump. Minidumps are not enabled by default on client versions of Windows
#

---------------  T H R E A D  ---------------

Current thread (0x00000000135f0800):  JavaThread "C2 CompilerThread1" daemon [_thread_in_native, id=10556, stack(0x0000000014d20000,0x0000000014e20000)]

Stack: [0x0000000014d20000,0x0000000014e20000]
[error occurred during error reporting (printing stack bounds), id 0xc0000005]

Native frames: (J=compiled Java code, j=interpreted, Vv=VM code, C=native code)


Current CompileTask:
C2:   2673  741       4       sun.nio.fs.WindowsPath::relativize (223 bytes)


---------------  P R O C E S S  ---------------

Java Threads: ( => current thread )
  0x0000000014f30800 JavaThread "Service Thread" daemon [_thread_blocked, id=8772, stack(0x0000000015320000,0x0000000015420000)]
  0x000000001363e000 JavaThread "C1 CompilerThread2" daemon [_thread_blocked, id=6504, stack(0x0000000014e20000,0x0000000014f20000)]
=>0x00000000135f0800 JavaThread "C2 CompilerThread1" daemon [_thread_in_native, id=10556, stack(0x0000000014d20000,0x0000000014e20000)]
  0x00000000135ed000 JavaThread "C2 CompilerThread0" daemon [_thread_in_native, id=12364, stack(0x0000000014c20000,0x0000000014d20000)]
  0x00000000135ec000 JavaThread "Attach Listener" daemon [_thread_blocked, id=1976, stack(0x0000000014b20000,0x0000000014c20000)]
  0x00000000135ea800 JavaThread "Signal Dispatcher" daemon [_thread_blocked, id=11440, stack(0x0000000014a20000,0x0000000014b20000)]
  0x000000000327c000 JavaThread "Finalizer" daemon [_thread_blocked, id=8808, stack(0x0000000014830000,0x0000000014930000)]
  0x0000000003276800 JavaThread "Reference Handler" daemon [_thread_blocked, id=7464, stack(0x0000000014730000,0x0000000014830000)]
  0x0000000003186000 JavaThread "main" [_thread_in_Java, id=11684, stack(0x0000000003000000,0x0000000003100000)]

Other Threads:
  0x00000000135a5000 VMThread [stack: 0x0000000014630000,0x0000000014730000] [id=8388]
  0x0000000014f25800 WatcherThread [stack: 0x0000000015420000,0x0000000015520000] [id=2208]

VM state:not at safepoint (normal execution)

VM Mutex/Monitor currently owned by a thread: None

Heap:
 PSYoungGen      total 18944K, used 5367K [0x00000000feb00000, 0x0000000100000000, 0x0000000100000000)
  eden space 16384K, 17% used [0x00000000feb00000,0x00000000fedc20c8,0x00000000ffb00000)
  from space 2560K, 99% used [0x00000000ffd80000,0x00000000ffffbc50,0x0000000100000000)
  to   space 2560K, 0% used [0x00000000ffb00000,0x00000000ffb00000,0x00000000ffd80000)
 ParOldGen       total 44032K, used 4620K [0x00000000fc000000, 0x00000000feb00000, 0x00000000feb00000)
  object space 44032K, 10% used [0x00000000fc000000,0x00000000fc483210,0x00000000feb00000)
 Metaspace       used 6956K, capacity 7176K, committed 7424K, reserved 1056768K
  class space    used 816K, capacity 906K, committed 1024K, reserved 1048576K

Card table byte_map: [0x0000000002fc0000,0x0000000002ff0000] byte_map_base: 0x00000000027e0000

Marking Bits: (ParMarkBitMap*) 0x0000000068873950
 Begin Bits: [0x0000000012a40000, 0x0000000012b40000)
 End Bits:   [0x0000000012b40000, 0x0000000012c40000)

Polling page: 0x00000000015e0000

CodeCache: size=245760Kb used=2791Kb max_used=2804Kb free=242968Kb
 bounds [0x0000000003280000, 0x0000000003540000, 0x0000000012280000]
 total_blobs=1085 nmethods=762 adapters=237
 compilation: enabled

Compilation events (10 events):
Event: 2.631 Thread 0x000000001363e000  750   !   3       java.lang.ref.Finalizer::runFinalizer (62 bytes)
Event: 2.632 Thread 0x000000001363e000 nmethod 750 0x000000000351b210 code [0x000000000351b3c0, 0x000000000351bc38]
Event: 2.632 Thread 0x000000001363e000  751       3       java.lang.ref.Finalizer::hasBeenFinalized (14 bytes)
Event: 2.632 Thread 0x000000001363e000 nmethod 751 0x000000000351ae90 code [0x000000000351afe0, 0x000000000351b190]
Event: 2.632 Thread 0x000000001363e000  752   !   3       java.lang.ref.Finalizer::remove (94 bytes)
Event: 2.633 Thread 0x000000001363e000 nmethod 752 0x000000000352dbd0 code [0x000000000352dd40, 0x000000000352e210]
Event: 2.633 Thread 0x00000000135ed000  753   !   4       java.util.zip.ZipFile$ZipEntryIterator::next (212 bytes)
Event: 2.637 Thread 0x000000001363e000  754       3       com.google.common.collect.AbstractIndexedListIterator::hasNext (17 bytes)
Event: 2.637 Thread 0x000000001363e000 nmethod 754 0x000000000352d850 code [0x000000000352d9a0, 0x000000000352db50]
Event: 2.649 Thread 0x000000001363e000  757       3       java.util.zip.ZipCoder::getBytes (192 bytes)

GC Heap History (4 events):
Event: 2.070 GC heap before
{Heap before GC invocations=1 (full 0):
 PSYoungGen      total 18944K, used 16384K [0x00000000feb00000, 0x0000000100000000, 0x0000000100000000)
  eden space 16384K, 100% used [0x00000000feb00000,0x00000000ffb00000,0x00000000ffb00000)
  from space 2560K, 0% used [0x00000000ffd80000,0x00000000ffd80000,0x0000000100000000)
  to   space 2560K, 0% used [0x00000000ffb00000,0x00000000ffb00000,0x00000000ffd80000)
 ParOldGen       total 44032K, used 0K [0x00000000fc000000, 0x00000000feb00000, 0x00000000feb00000)
  object space 44032K, 0% used [0x00000000fc000000,0x00000000fc000000,0x00000000feb00000)
 Metaspace       used 6681K, capacity 6874K, committed 7040K, reserved 1056768K
  class space    used 791K, capacity 871K, committed 896K, reserved 1048576K
Event: 2.079 GC heap after
Heap after GC invocations=1 (full 0):
 PSYoungGen      total 18944K, used 2533K [0x00000000feb00000, 0x0000000100000000, 0x0000000100000000)
  eden space 16384K, 0% used [0x00000000feb00000,0x00000000feb00000,0x00000000ffb00000)
  from space 2560K, 98% used [0x00000000ffb00000,0x00000000ffd79450,0x00000000ffd80000)
  to   space 2560K, 0% used [0x00000000ffd80000,0x00000000ffd80000,0x0000000100000000)
 ParOldGen       total 44032K, used 1614K [0x00000000fc000000, 0x00000000feb00000, 0x00000000feb00000)
  object space 44032K, 3% used [0x00000000fc000000,0x00000000fc193bd0,0x00000000feb00000)
 Metaspace       used 6681K, capacity 6874K, committed 7040K, reserved 1056768K
  class space    used 791K, capacity 871K, committed 896K, reserved 1048576K
}
Event: 2.570 GC heap before
{Heap before GC invocations=2 (full 0):
 PSYoungGen      total 18944K, used 18917K [0x00000000feb00000, 0x0000000100000000, 0x0000000100000000)
  eden space 16384K, 100% used [0x00000000feb00000,0x00000000ffb00000,0x00000000ffb00000)
  from space 2560K, 98% used [0x00000000ffb00000,0x00000000ffd79450,0x00000000ffd80000)
  to   space 2560K, 0% used [0x00000000ffd80000,0x00000000ffd80000,0x0000000100000000)
 ParOldGen       total 44032K, used 1614K [0x00000000fc000000, 0x00000000feb00000, 0x00000000feb00000)
  object space 44032K, 3% used [0x00000000fc000000,0x00000000fc193bd0,0x00000000feb00000)
 Metaspace       used 6882K, capacity 7080K, committed 7296K, reserved 1056768K
  class space    used 809K, capacity 874K, committed 896K, reserved 1048576K
Event: 2.630 GC heap after
Heap after GC invocations=2 (full 0):
 PSYoungGen      total 18944K, used 2543K [0x00000000feb00000, 0x0000000100000000, 0x0000000100000000)
  eden space 16384K, 0% used [0x00000000feb00000,0x00000000feb00000,0x00000000ffb00000)
  from space 2560K, 99% used [0x00000000ffd80000,0x00000000ffffbc50,0x0000000100000000)
  to   space 2560K, 0% used [0x00000000ffb00000,0x00000000ffb00000,0x00000000ffd80000)
 ParOldGen       total 44032K, used 4620K [0x00000000fc000000, 0x00000000feb00000, 0x00000000feb00000)
  object space 44032K, 10% used [0x00000000fc000000,0x00000000fc483210,0x00000000feb00000)
 Metaspace       used 6882K, capacity 7080K, committed 7296K, reserved 1056768K
  class space    used 809K, capacity 874K, committed 896K, reserved 1048576K
}

Deoptimization events (10 events):
Event: 2.021 Thread 0x0000000003186000 Uncommon trap: reason=unstable_if action=reinterpret pc=0x000000000348ec58 method=java.util.zip.ZipEntry.setExtra0([BZ)V @ 1
Event: 2.024 Thread 0x0000000003186000 Uncommon trap: reason=unstable_if action=reinterpret pc=0x00000000034aa648 method=java.util.zip.ZipFile$ZipEntryIterator.hasNext()Z @ 25
Event: 2.024 Thread 0x0000000003186000 Uncommon trap: reason=unstable_if action=reinterpret pc=0x00000000034b1b08 method=java.util.zip.ZipCoder.decoder()Ljava/nio/charset/CharsetDecoder; @ 4
Event: 2.028 Thread 0x0000000003186000 Uncommon trap: reason=unstable_if action=reinterpret pc=0x00000000034ad9dc method=java.util.zip.ZipFile$ZipEntryIterator.hasNext()Z @ 25
Event: 2.029 Thread 0x0000000003186000 Uncommon trap: reason=unstable_if action=reinterpret pc=0x00000000034b41dc method=java.util.zip.ZipCoder.decoder()Ljava/nio/charset/CharsetDecoder; @ 4
Event: 2.115 Thread 0x0000000003186000 Uncommon trap: reason=unstable_if action=reinterpret pc=0x00000000034bb65c method=java.util.zip.ZipCoder.decoder()Ljava/nio/charset/CharsetDecoder; @ 4
Event: 2.118 Thread 0x0000000003186000 Uncommon trap: reason=unstable_if action=reinterpret pc=0x00000000034aff6c method=java.util.zip.ZipCoder.decoder()Ljava/nio/charset/CharsetDecoder; @ 4
Event: 2.119 Thread 0x0000000003186000 Uncommon trap: reason=unstable_if action=reinterpret pc=0x00000000034ae93c method=java.util.zip.ZipCoder.decoder()Ljava/nio/charset/CharsetDecoder; @ 4
Event: 2.455 Thread 0x0000000003186000 Uncommon trap: reason=unstable_if action=reinterpret pc=0x00000000034fe27c method=java.lang.Integer.valueOf(I)Ljava/lang/Integer; @ 10
Event: 2.484 Thread 0x0000000003186000 Uncommon trap: reason=unloaded action=reinterpret pc=0x00000000034c3c3c method=java.util.zip.ZipEntry.setExtra0([BZ)V @ 37

Classes redefined (0 events):
No events

Internal exceptions (10 events):
Event: 2.024 Thread 0x0000000003186000 Implicit null exception at 0x00000000034b11cc to 0x00000000034b1ac9
Event: 2.029 Thread 0x0000000003186000 Implicit null exception at 0x00000000034b3805 to 0x00000000034b419d
Event: 2.115 Thread 0x0000000003186000 Implicit null exception at 0x00000000034bac85 to 0x00000000034bb61d
Event: 2.118 Thread 0x0000000003186000 Implicit null exception at 0x00000000034af964 to 0x00000000034aff3d
Event: 2.119 Thread 0x0000000003186000 Implicit null exception at 0x00000000034ae4b8 to 0x00000000034ae921
Event: 2.187 Thread 0x0000000003186000 Exception <a 'sun/nio/fs/WindowsException'> (0x00000000ff1671a8) thrown at [D:\src\AOSP-openjdk-cygwin\jdk8u\hotspot\src\share\vm\prims\jni.cpp, line 709]
Event: 2.187 Thread 0x0000000003186000 Exception <a 'sun/nio/fs/WindowsException'> (0x00000000ff167778) thrown at [D:\src\AOSP-openjdk-cygwin\jdk8u\hotspot\src\share\vm\prims\jni.cpp, line 709]
Event: 2.187 Thread 0x0000000003186000 Exception <a 'sun/nio/fs/WindowsException'> (0x00000000ff167d58) thrown at [D:\src\AOSP-openjdk-cygwin\jdk8u\hotspot\src\share\vm\prims\jni.cpp, line 709]
Event: 2.187 Thread 0x0000000003186000 Exception <a 'sun/nio/fs/WindowsException'> (0x00000000ff168528) thrown at [D:\src\AOSP-openjdk-cygwin\jdk8u\hotspot\src\share\vm\prims\jni.cpp, line 709]
Event: 2.198 Thread 0x0000000003186000 Exception <a 'sun/nio/fs/WindowsException'> (0x00000000ff16d4e0) thrown at [D:\src\AOSP-openjdk-cygwin\jdk8u\hotspot\src\share\vm\prims\jni.cpp, line 709]

Events (10 events):
Event: 2.485 loading class java/util/concurrent/TimeUnit$6
Event: 2.485 loading class java/util/concurrent/TimeUnit$6 done
Event: 2.485 loading class java/util/concurrent/TimeUnit$7
Event: 2.486 loading class java/util/concurrent/TimeUnit$7 done
Event: 2.486 loading class java/nio/file/attribute/FileTime
Event: 2.486 loading class java/nio/file/attribute/FileTime done
Event: 2.569 Executing VM operation: ParallelGCFailedAllocation
Event: 2.630 Executing VM operation: ParallelGCFailedAllocation done
Event: 2.649 loading class com/google/devtools/build/android/desugar/Desugar$InputOutputPair
Event: 2.649 loading class com/google/devtools/build/android/desugar/Desugar$InputOutputPair done


Dynamic libraries:
0x00007ff79d3e0000 - 0x00007ff79d411000 	C:\Program Files\Android\Android Studio\jre\bin\java.exe
0x00007ffcb2600000 - 0x00007ffcb27e1000 	C:\WINDOWS\SYSTEM32\ntdll.dll
0x00007ffcb0460000 - 0x00007ffcb0512000 	C:\WINDOWS\System32\KERNEL32.DLL
0x00007ffcaebc0000 - 0x00007ffcaee33000 	C:\WINDOWS\System32\KERNELBASE.dll
0x00007ffcb0580000 - 0x00007ffcb0621000 	C:\WINDOWS\System32\ADVAPI32.dll
0x00007ffcb0180000 - 0x00007ffcb021e000 	C:\WINDOWS\System32\msvcrt.dll
0x00007ffcb2570000 - 0x00007ffcb25cb000 	C:\WINDOWS\System32\sechost.dll
0x00007ffcb07d0000 - 0x00007ffcb08f4000 	C:\WINDOWS\System32\RPCRT4.dll
0x00007ffcb02d0000 - 0x00007ffcb0460000 	C:\WINDOWS\System32\USER32.dll
0x00007ffcaef70000 - 0x00007ffcaef90000 	C:\WINDOWS\System32\win32u.dll
0x00007ffcb0220000 - 0x00007ffcb0248000 	C:\WINDOWS\System32\GDI32.dll
0x00007ffcaf080000 - 0x00007ffcaf212000 	C:\WINDOWS\System32\gdi32full.dll
0x00007ffcaefe0000 - 0x00007ffcaf07f000 	C:\WINDOWS\System32\msvcp_win.dll
0x00007ffcaf990000 - 0x00007ffcafa8a000 	C:\WINDOWS\System32\ucrtbase.dll
0x00007ffc9c730000 - 0x00007ffc9c999000 	C:\WINDOWS\WinSxS\amd64_microsoft.windows.common-controls_6595b64144ccf1df_6.0.17134.345_none_fb429a5930656358\COMCTL32.dll
0x00007ffcb0900000 - 0x00007ffcb0c23000 	C:\WINDOWS\System32\combase.dll
0x00007ffcaeef0000 - 0x00007ffcaef6a000 	C:\WINDOWS\System32\bcryptPrimitives.dll
0x00007ffcb21f0000 - 0x00007ffcb221d000 	C:\WINDOWS\System32\IMM32.DLL
0x0000000067ef0000 - 0x0000000067fc2000 	C:\Program Files\Android\Android Studio\jre\jre\bin\msvcr100.dll
0x00000000680b0000 - 0x00000000688ee000 	C:\Program Files\Android\Android Studio\jre\jre\bin\server\jvm.dll
0x00007ffcb21c0000 - 0x00007ffcb21c8000 	C:\WINDOWS\System32\PSAPI.DLL
0x00007ffca1de0000 - 0x00007ffca1de9000 	C:\WINDOWS\SYSTEM32\WSOCK32.dll
0x00007ffcb22d0000 - 0x00007ffcb233c000 	C:\WINDOWS\System32\WS2_32.dll
0x00007ffca9770000 - 0x00007ffca9793000 	C:\WINDOWS\SYSTEM32\WINMM.dll
0x00007ffca4480000 - 0x00007ffca448a000 	C:\WINDOWS\SYSTEM32\VERSION.dll
0x00007ffca92f0000 - 0x00007ffca931a000 	C:\WINDOWS\SYSTEM32\WINMMBASE.dll
0x00007ffcaef90000 - 0x00007ffcaefd9000 	C:\WINDOWS\System32\cfgmgr32.dll
0x00007ffca1ca0000 - 0x00007ffca1caf000 	C:\Program Files\Android\Android Studio\jre\jre\bin\verify.dll
0x00007ffc93b10000 - 0x00007ffc93b39000 	C:\Program Files\Android\Android Studio\jre\jre\bin\java.dll
0x00007ffc9b100000 - 0x00007ffc9b116000 	C:\Program Files\Android\Android Studio\jre\jre\bin\zip.dll
0x00007ffcb0c90000 - 0x00007ffcb20cf000 	C:\WINDOWS\System32\SHELL32.dll
0x00007ffcb2220000 - 0x00007ffcb22c9000 	C:\WINDOWS\System32\shcore.dll
0x00007ffcaf280000 - 0x00007ffcaf98d000 	C:\WINDOWS\System32\windows.storage.dll
0x00007ffcb0520000 - 0x00007ffcb0571000 	C:\WINDOWS\System32\shlwapi.dll
0x00007ffcae920000 - 0x00007ffcae931000 	C:\WINDOWS\System32\kernel.appcore.dll
0x00007ffcae9b0000 - 0x00007ffcae9cf000 	C:\WINDOWS\System32\profapi.dll
0x00007ffcae960000 - 0x00007ffcae9ac000 	C:\WINDOWS\System32\powrprof.dll
0x00007ffcae910000 - 0x00007ffcae91a000 	C:\WINDOWS\System32\FLTLIB.DLL
0x00007ffcae340000 - 0x00007ffcae357000 	C:\WINDOWS\SYSTEM32\CRYPTSP.dll
0x00007ffcadd70000 - 0x00007ffcadda3000 	C:\WINDOWS\system32\rsaenh.dll
0x00007ffcae470000 - 0x00007ffcae495000 	C:\WINDOWS\SYSTEM32\bcrypt.dll
0x00007ffcae810000 - 0x00007ffcae838000 	C:\WINDOWS\SYSTEM32\USERENV.dll
0x00007ffcae360000 - 0x00007ffcae36b000 	C:\WINDOWS\SYSTEM32\CRYPTBASE.dll
0x00007ffc98f20000 - 0x00007ffc98f3a000 	C:\Program Files\Android\Android Studio\jre\jre\bin\net.dll
0x00007ffcae190000 - 0x00007ffcae1f6000 	C:\WINDOWS\system32\mswsock.dll
0x00007ffcadf10000 - 0x00007ffcadf48000 	C:\WINDOWS\SYSTEM32\IPHLPAPI.DLL
0x00007ffcb0070000 - 0x00007ffcb0078000 	C:\WINDOWS\System32\NSI.dll
0x00007ffca99c0000 - 0x00007ffca99d6000 	C:\WINDOWS\SYSTEM32\dhcpcsvc6.DLL
0x00007ffca98c0000 - 0x00007ffca98da000 	C:\WINDOWS\SYSTEM32\dhcpcsvc.DLL
0x00007ffc98380000 - 0x00007ffc98391000 	C:\Program Files\Android\Android Studio\jre\jre\bin\nio.dll

VM Arguments:
jvm_args: -Djava.awt.headless=true -Xmx64M -Dfile.encoding=windows-1252 -Duser.country=US -Duser.language=en -Duser.variant 
java_command: com.google.devtools.build.android.desugar.Desugar --input D:\Kuliah\Project\NEW\pantaujuma\app\build\intermediates\transforms\stackFramesFixer\debug\47.jar --output D:\Kuliah\Project\NEW\pantaujuma\app\build\intermediates\transforms\desugar\debug\48.jar --input D:\Kuliah\Project\NEW\pantaujuma\app\build\intermediates\transforms\stackFramesFixer\debug\34.jar --output D:\Kuliah\Project\NEW\pantaujuma\app\build\intermediates\transforms\desugar\debug\35.jar --input D:\Kuliah\Project\NEW\pantaujuma\app\build\intermediates\transforms\stackFramesFixer\debug\19.jar --output D:\Kuliah\Project\NEW\pantaujuma\app\build\intermediates\transforms\desugar\debug\20.jar --input D:\Kuliah\Project\NEW\pantaujuma\app\build\intermediates\transforms\stackFramesFixer\debug\26.jar --output D:\Kuliah\Project\NEW\pantaujuma\app\build\intermediates\transforms\desugar\debug\27.jar --input D:\Kuliah\Project\NEW\pantaujuma\app\build\intermediates\transforms\stackFramesFixer\debug\20.jar --output D:\Kuliah\Project\NEW\pantaujuma\app\build\intermediates\transforms\desugar\debug\21.jar --input D:\Kuliah\Project\NEW\pantaujuma\app\build\intermediates\transforms\stackFramesFixer\debug\15.jar --output D:\Kuliah\Project\NEW\pantaujuma\app\build\intermediates\transforms\desugar\debug\16.jar --input D:\Kuliah\Project\NEW\pantaujuma\app\build\intermediates\transforms\stackFramesFixer\debug\13.jar --output D:\Kuliah\Project\NEW\pantaujuma\app\build\intermediates\transforms\desugar\debug\14.jar --input D:\Kuliah\Project\NEW\pantaujuma\app\build\intermediates\transforms\stackFramesFixer\debug\5.jar --output D:\Kuliah\Project\NEW\pantaujuma\app\build\intermediates\transforms\desugar\debug\6.jar --input D:\Kuliah\Project\NEW\pantaujuma\app\build\intermediates\transforms\stackFramesFixer\debug\0.jar --output D:\Kuliah\Project\NEW\pantaujuma\app\build\intermediates\transforms\desugar\debug\1.jar --input D:\Kuliah\Project\NEW\pantaujuma\app\build\intermediates\transforms\stackFramesFixer\debug\16.
java_class_path (initial): C:\Users\Lenovo\AppData\Local\Temp\desugar_deploy.jar4383956700903674046
Launcher Type: SUN_STANDARD

Environment Variables:
PATH=C:\watcom-1.3\binnt;C:\watcom-1.3\binw;C:\Program Files (x86)\Common Files\Oracle\Java\javapath;C:\ProgramData\Oracle\Java\javapath;C:\Program Files (x86)\Common Files\Intel\Shared Files\cpp\bin\Intel64;C:\WINDOWS\system32;C:\WINDOWS;C:\WINDOWS\System32\Wbem;C:\WINDOWS\System32\WindowsPowerShell\v1.0\;C:\Program Files (x86)\Windows Live\Shared;C:\Program Files\Git\cmd;C:\ProgramData\ComposerSetup\bin;C:\WINDOWS\System32\OpenSSH\;C:\Users\Lenovo\AppData\Local\Microsoft\WindowsApps;C:\Program Files\Microsoft VS Code\bin;C:\Users\Lenovo\AppData\Local\Microsoft\WindowsApps;C:\Program Files (x86)\GtkSharp\2.12\bin;C:\xampp7\php;C:\Users\Lenovo\AppData\Local\Microsoft\WindowsApps;C:\Program Files (x86)\MinGW\bin;C:\Program Files\Java\jre7\bin;C:\Users\Lenovo\AppData\Local\atom\bin;C:\Program Files\Microsoft VS Code\bin;C:\Users\Lenovo\AppData\Roaming\Composer\vendor\bin;C:\Users\Lenovo\AppData\Local\Microsoft\WindowsApps;C:\Program Files\heroku\bin
USERNAME=Sehat MT Samosir
OS=Windows_NT
PROCESSOR_IDENTIFIER=Intel64 Family 6 Model 78 Stepping 3, GenuineIntel



---------------  S Y S T E M  ---------------

OS: Windows 10.0 , 64 bit Build 17134 (10.0.17134.1)

CPU:total 4 (initial active 4) (2 cores per cpu, 2 threads per core) family 6 model 78 stepping 3, cmov, cx8, fxsr, mmx, sse, sse2, sse3, ssse3, sse4.1, sse4.2, popcnt, avx, avx2, aes, clmul, erms, 3dnowpref, lzcnt, ht, tsc, tscinvbit, bmi1, bmi2, adx

Memory: 4k page, physical 8245248k(1120496k free), swap 33411072k(5168k free)

vm_info: OpenJDK 64-Bit Server VM (25.152-b01) for windows-amd64 JRE (1.8.0_152-release-915-b01), built by "builder" with MS VC++ 10.0 (VS2010)

time: Wed Nov 14 20:25:16 2018
elapsed time: 2 seconds (0d 0h 0m 2s)

