#
# There is insufficient memory for the Java Runtime Environment to continue.
# Native memory allocation (malloc) failed to allocate 1048576 bytes for AllocateHeap
# Possible reasons:
#   The system is out of physical RAM or swap space
#   In 32 bit mode, the process size limit was hit
# Possible solutions:
#   Reduce memory load on the system
#   Increase physical memory or swap space
#   Check if swap backing store is full
#   Use 64 bit Java on a 64 bit OS
#   Decrease Java heap size (-Xmx/-Xms)
#   Decrease number of Java threads
#   Decrease Java thread stack sizes (-Xss)
#   Set larger code cache with -XX:ReservedCodeCacheSize=
# This output file may be truncated or incomplete.
#
#  Out of Memory Error (memory/allocation.inline.hpp:61), pid=10424, tid=0x00000000000010fc
#
# JRE version:  (8.0_152-b01) (build )
# Java VM: OpenJDK 64-Bit Server VM (25.152-b01 mixed mode windows-amd64 compressed oops)
# Failed to write core dump. Minidumps are not enabled by default on client versions of Windows
#

---------------  T H R E A D  ---------------

Current thread (0x0000000002d96800):  JavaThread "Unknown thread" [_thread_in_vm, id=4348, stack(0x0000000002c90000,0x0000000002d90000)]

Stack: [0x0000000002c90000,0x0000000002d90000]
[error occurred during error reporting (printing stack bounds), id 0xc0000005]

Native frames: (J=compiled Java code, j=interpreted, Vv=VM code, C=native code)


---------------  P R O C E S S  ---------------

Java Threads: ( => current thread )

Other Threads:

=>0x0000000002d96800 (exited) JavaThread "Unknown thread" [_thread_in_vm, id=4348, stack(0x0000000002c90000,0x0000000002d90000)]

VM state:not at safepoint (normal execution)

VM Mutex/Monitor currently owned by a thread: None

Heap:
 PSYoungGen      total 18944K, used 327K [0x00000000feb00000, 0x0000000100000000, 0x0000000100000000)
  eden space 16384K, 2% used [0x00000000feb00000,0x00000000feb51ec8,0x00000000ffb00000)
  from space 2560K, 0% used [0x00000000ffd80000,0x00000000ffd80000,0x0000000100000000)
  to   space 2560K, 0% used [0x00000000ffb00000,0x00000000ffb00000,0x00000000ffd80000)
 ParOldGen       total 44032K, used 0K [0x00000000fc000000, 0x00000000feb00000, 0x00000000feb00000)
  object space 44032K, 0% used [0x00000000fc000000,0x00000000fc000000,0x00000000feb00000)
 Metaspace       used 772K, capacity 4480K, committed 4480K, reserved 1056768K
  class space    used 73K, capacity 384K, committed 384K, reserved 1048576K

Card table byte_map: [0x0000000002ba0000,0x0000000002bd0000] byte_map_base: 0x00000000023c0000

Marking Bits: (ParMarkBitMap*) 0x0000000068873950
 Begin Bits: [0x0000000012650000, 0x0000000012750000)
 End Bits:   [0x0000000012750000, 0x0000000012850000)

Polling page: 0x0000000001090000

CodeCache: size=245760Kb used=328Kb max_used=328Kb free=245431Kb
 bounds [0x0000000002e90000, 0x0000000003100000, 0x0000000011e90000]
 total_blobs=57 nmethods=0 adapters=38
 compilation: enabled

Compilation events (0 events):
No events

GC Heap History (0 events):
No events

Deoptimization events (0 events):
No events

Classes redefined (0 events):
No events

Internal exceptions (0 events):
No events

Events (10 events):
Event: 0.050 loading class java/lang/Short
Event: 0.050 loading class java/lang/Short done
Event: 0.050 loading class java/lang/Integer
Event: 0.050 loading class java/lang/Integer done
Event: 0.050 loading class java/lang/Long
Event: 0.050 loading class java/lang/Long done
Event: 0.052 loading class java/lang/NullPointerException
Event: 0.052 loading class java/lang/NullPointerException done
Event: 0.052 loading class java/lang/ArithmeticException
Event: 0.052 loading class java/lang/ArithmeticException done


Dynamic libraries:
0x00007ff79d3e0000 - 0x00007ff79d411000 	C:\Program Files\Android\Android Studio\jre\bin\java.exe
0x00007ffcb2600000 - 0x00007ffcb27e1000 	C:\WINDOWS\SYSTEM32\ntdll.dll
0x00007ffcb0460000 - 0x00007ffcb0512000 	C:\WINDOWS\System32\KERNEL32.DLL
0x00007ffcaebc0000 - 0x00007ffcaee33000 	C:\WINDOWS\System32\KERNELBASE.dll
0x00007ffcb0580000 - 0x00007ffcb0621000 	C:\WINDOWS\System32\ADVAPI32.dll
0x00007ffcb0180000 - 0x00007ffcb021e000 	C:\WINDOWS\System32\msvcrt.dll
0x00007ffcb2570000 - 0x00007ffcb25cb000 	C:\WINDOWS\System32\sechost.dll
0x00007ffcb07d0000 - 0x00007ffcb08f4000 	C:\WINDOWS\System32\RPCRT4.dll
0x00007ffcb02d0000 - 0x00007ffcb0460000 	C:\WINDOWS\System32\USER32.dll
0x00007ffcaef70000 - 0x00007ffcaef90000 	C:\WINDOWS\System32\win32u.dll
0x00007ffcb0220000 - 0x00007ffcb0248000 	C:\WINDOWS\System32\GDI32.dll
0x00007ffcaf080000 - 0x00007ffcaf212000 	C:\WINDOWS\System32\gdi32full.dll
0x00007ffcaefe0000 - 0x00007ffcaf07f000 	C:\WINDOWS\System32\msvcp_win.dll
0x00007ffcaf990000 - 0x00007ffcafa8a000 	C:\WINDOWS\System32\ucrtbase.dll
0x00007ffc9c730000 - 0x00007ffc9c999000 	C:\WINDOWS\WinSxS\amd64_microsoft.windows.common-controls_6595b64144ccf1df_6.0.17134.345_none_fb429a5930656358\COMCTL32.dll
0x00007ffcb0900000 - 0x00007ffcb0c23000 	C:\WINDOWS\System32\combase.dll
0x00007ffcaeef0000 - 0x00007ffcaef6a000 	C:\WINDOWS\System32\bcryptPrimitives.dll
0x00007ffcb21f0000 - 0x00007ffcb221d000 	C:\WINDOWS\System32\IMM32.DLL
0x0000000067ef0000 - 0x0000000067fc2000 	C:\Program Files\Android\Android Studio\jre\jre\bin\msvcr100.dll
0x00000000680b0000 - 0x00000000688ee000 	C:\Program Files\Android\Android Studio\jre\jre\bin\server\jvm.dll
0x00007ffcb21c0000 - 0x00007ffcb21c8000 	C:\WINDOWS\System32\PSAPI.DLL
0x00007ffca1de0000 - 0x00007ffca1de9000 	C:\WINDOWS\SYSTEM32\WSOCK32.dll
0x00007ffcb22d0000 - 0x00007ffcb233c000 	C:\WINDOWS\System32\WS2_32.dll
0x00007ffca9770000 - 0x00007ffca9793000 	C:\WINDOWS\SYSTEM32\WINMM.dll
0x00007ffca4480000 - 0x00007ffca448a000 	C:\WINDOWS\SYSTEM32\VERSION.dll
0x00007ffca92f0000 - 0x00007ffca931a000 	C:\WINDOWS\SYSTEM32\WINMMBASE.dll
0x00007ffcaef90000 - 0x00007ffcaefd9000 	C:\WINDOWS\System32\cfgmgr32.dll
0x00007ffca1ca0000 - 0x00007ffca1caf000 	C:\Program Files\Android\Android Studio\jre\jre\bin\verify.dll
0x00007ffc93b10000 - 0x00007ffc93b39000 	C:\Program Files\Android\Android Studio\jre\jre\bin\java.dll
0x00007ffc9b100000 - 0x00007ffc9b116000 	C:\Program Files\Android\Android Studio\jre\jre\bin\zip.dll

VM Arguments:
jvm_args: -Djava.awt.headless=true -Xmx64M -Dfile.encoding=windows-1252 -Duser.country=US -Duser.language=en -Duser.variant 
java_command: com.google.devtools.build.android.desugar.Desugar --input D:\Kuliah\Project\NEW\pantaujuma\app\build\intermediates\transforms\stackFramesFixer\debug\47.jar --output D:\Kuliah\Project\NEW\pantaujuma\app\build\intermediates\transforms\desugar\debug\48.jar --input D:\Kuliah\Project\NEW\pantaujuma\app\build\intermediates\transforms\stackFramesFixer\debug\23.jar --output D:\Kuliah\Project\NEW\pantaujuma\app\build\intermediates\transforms\desugar\debug\24.jar --input D:\Kuliah\Project\NEW\pantaujuma\app\build\intermediates\transforms\stackFramesFixer\debug\17.jar --output D:\Kuliah\Project\NEW\pantaujuma\app\build\intermediates\transforms\desugar\debug\18.jar --input D:\Kuliah\Project\NEW\pantaujuma\app\build\intermediates\transforms\stackFramesFixer\debug\28.jar --output D:\Kuliah\Project\NEW\pantaujuma\app\build\intermediates\transforms\desugar\debug\29.jar --input D:\Kuliah\Project\NEW\pantaujuma\app\build\intermediates\transforms\stackFramesFixer\debug\44.jar --output D:\Kuliah\Project\NEW\pantaujuma\app\build\intermediates\transforms\desugar\debug\45.jar --input D:\Kuliah\Project\NEW\pantaujuma\app\build\intermediates\transforms\stackFramesFixer\debug\3.jar --output D:\Kuliah\Project\NEW\pantaujuma\app\build\intermediates\transforms\desugar\debug\4.jar --input D:\Kuliah\Project\NEW\pantaujuma\app\build\intermediates\transforms\stackFramesFixer\debug\22.jar --output D:\Kuliah\Project\NEW\pantaujuma\app\build\intermediates\transforms\desugar\debug\23.jar --input D:\Kuliah\Project\NEW\pantaujuma\app\build\intermediates\transforms\stackFramesFixer\debug\13.jar --output D:\Kuliah\Project\NEW\pantaujuma\app\build\intermediates\transforms\desugar\debug\14.jar --input D:\Kuliah\Project\NEW\pantaujuma\app\build\intermediates\transforms\stackFramesFixer\debug\9.jar --output D:\Kuliah\Project\NEW\pantaujuma\app\build\intermediates\transforms\desugar\debug\10.jar --input D:\Kuliah\Project\NEW\pantaujuma\app\build\intermediates\transforms\stackFramesFixer\debug\52
java_class_path (initial): C:\Users\Lenovo\AppData\Local\Temp\desugar_deploy.jar4383956700903674046
Launcher Type: SUN_STANDARD

Environment Variables:
PATH=C:\watcom-1.3\binnt;C:\watcom-1.3\binw;C:\Program Files (x86)\Common Files\Oracle\Java\javapath;C:\ProgramData\Oracle\Java\javapath;C:\Program Files (x86)\Common Files\Intel\Shared Files\cpp\bin\Intel64;C:\WINDOWS\system32;C:\WINDOWS;C:\WINDOWS\System32\Wbem;C:\WINDOWS\System32\WindowsPowerShell\v1.0\;C:\Program Files (x86)\Windows Live\Shared;C:\Program Files\Git\cmd;C:\ProgramData\ComposerSetup\bin;C:\WINDOWS\System32\OpenSSH\;C:\Users\Lenovo\AppData\Local\Microsoft\WindowsApps;C:\Program Files\Microsoft VS Code\bin;C:\Users\Lenovo\AppData\Local\Microsoft\WindowsApps;C:\Program Files (x86)\GtkSharp\2.12\bin;C:\xampp7\php;C:\Users\Lenovo\AppData\Local\Microsoft\WindowsApps;C:\Program Files (x86)\MinGW\bin;C:\Program Files\Java\jre7\bin;C:\Users\Lenovo\AppData\Local\atom\bin;C:\Program Files\Microsoft VS Code\bin;C:\Users\Lenovo\AppData\Roaming\Composer\vendor\bin;C:\Users\Lenovo\AppData\Local\Microsoft\WindowsApps;C:\Program Files\heroku\bin
USERNAME=Sehat MT Samosir
OS=Windows_NT
PROCESSOR_IDENTIFIER=Intel64 Family 6 Model 78 Stepping 3, GenuineIntel



---------------  S Y S T E M  ---------------

OS: Windows 10.0 , 64 bit Build 17134 (10.0.17134.1)

CPU:total 4 (initial active 4) (2 cores per cpu, 2 threads per core) family 6 model 78 stepping 3, cmov, cx8, fxsr, mmx, sse, sse2, sse3, ssse3, sse4.1, sse4.2, popcnt, avx, avx2, aes, clmul, erms, 3dnowpref, lzcnt, ht, tsc, tscinvbit, bmi1, bmi2, adx

Memory: 4k page, physical 8245248k(1304064k free), swap 33411072k(20668k free)

vm_info: OpenJDK 64-Bit Server VM (25.152-b01) for windows-amd64 JRE (1.8.0_152-release-915-b01), built by "builder" with MS VC++ 10.0 (VS2010)

time: Wed Nov 14 20:30:41 2018
elapsed time: 0 seconds (0d 0h 0m 0s)

